<?xml version="1.0" encoding="UTF-8"?>
<testsuite name="comp1721.cwk2.Full" tests="9" skipped="0" failures="0" errors="0" timestamp="2022-05-23T15:12:36" hostname="DESKTOP-K8IQKII" time="0.028">
  <properties/>
  <testcase name="Fancy suit symbols used correctly" classname="comp1721.cwk2.Full" time="0.015"/>
  <testcase name="Full House detected correctly" classname="comp1721.cwk2.Full" time="0.002"/>
  <testcase name="Straight with high ace detected correctly" classname="comp1721.cwk2.Full" time="0.0"/>
  <testcase name="Flush detected correctly" classname="comp1721.cwk2.Full" time="0.001"/>
  <testcase name="Four of a Kind detected correctly" classname="comp1721.cwk2.Full" time="0.001"/>
  <testcase name="Pair detected correctly" classname="comp1721.cwk2.Full" time="0.002"/>
  <testcase name="Three of a Kind detected correctly" classname="comp1721.cwk2.Full" time="0.002"/>
  <testcase name="Straight detected correctly" classname="comp1721.cwk2.Full" time="0.001"/>
  <testcase name="Two Pairs detected correctly" classname="comp1721.cwk2.Full" time="0.001"/>
  <system-out><![CDATA[]]></system-out>
  <system-err><![CDATA[]]></system-err>
</testsuite>
